\BOOKMARK [1][-]{section.1}{\376\377\000W\000s\000t\001\031\000p}{}% 1
\BOOKMARK [1][-]{section.2}{\376\377\000S\000t\000r\000u\000k\000t\000u\000r\000a\000\040\000a\000p\000l\000i\000k\000a\000c\000j\000i}{}% 2
\BOOKMARK [2][-]{subsection.2.1}{\376\377\000C\000h\000m\000u\000r\000a\000\040\000o\000b\000l\000i\000c\000z\000e\000n\000i\000o\000w\000a\000\040\000G\000o\000o\000g\000l\000e}{section.2}% 3
\BOOKMARK [3][-]{subsubsection.2.1.1}{\376\377\000F\000i\000r\000e\000b\000a\000s\000e}{subsection.2.1}% 4
\BOOKMARK [3][-]{subsubsection.2.1.2}{\376\377\000F\000i\000r\000e\000b\000a\000s\000e\000\040\000A\000u\000t\000h\000e\000n\000t\000i\000c\000a\000t\000i\000o\000n}{subsection.2.1}% 5
\BOOKMARK [3][-]{subsubsection.2.1.3}{\376\377\000F\000i\000r\000e\000b\000a\000s\000e\000\040\000C\000l\000o\000u\000d\000\040\000F\000i\000r\000e\000s\000t\000o\000r\000e}{subsection.2.1}% 6
\BOOKMARK [3][-]{subsubsection.2.1.4}{\376\377\000G\000o\000o\000g\000l\000e\000\040\000M\000a\000p\000s\000\040\000P\000l\000a\000t\000f\000o\000r\000m}{subsection.2.1}% 7
\BOOKMARK [2][-]{subsection.2.2}{\376\377\000A\000p\000l\000i\000k\000a\000c\000j\000a\000\040\000m\000o\000b\000i\000l\000n\000a}{section.2}% 8
\BOOKMARK [3][-]{subsubsection.2.2.1}{\376\377\000K\000o\000t\000l\000i\000n\000\040\000i\000\040\000A\000n\000d\000r\000o\000i\000d\000\040\000S\000t\000u\000d\000i\000o}{subsection.2.2}% 9
\BOOKMARK [3][-]{subsubsection.2.2.2}{\376\377\000M\000o\000d\000e\000l\000\040\000d\000a\000n\000y\000c\000h}{subsection.2.2}% 10
\BOOKMARK [1][-]{section.3}{\376\377\000I\000m\000p\000l\000e\000m\000e\000n\000t\000a\000c\000j\000a}{}% 11
\BOOKMARK [2][-]{subsection.3.1}{\376\377\000I\000n\000t\000e\000r\000f\000e\000j\000s\000\040\000u\001\174\000y\000t\000k\000o\000w\000n\000i\000k\000a}{section.3}% 12
\BOOKMARK [2][-]{subsection.3.2}{\376\377\000I\000n\000t\000e\000g\000r\000a\000c\000j\000a\000\040\000z\000\040\000F\000i\000r\000e\000b\000a\000s\000e}{section.3}% 13
\BOOKMARK [3][-]{subsubsection.3.2.1}{\376\377\000I\000m\000p\000l\000e\000m\000e\000n\000t\000a\000c\000j\000a\000\040\000F\000i\000r\000e\000b\000a\000s\000e\000\040\000A\000u\000t\000h\000e\000n\000t\000i\000c\000a\000t\000i\000o\000n}{subsection.3.2}% 14
\BOOKMARK [3][-]{subsubsection.3.2.2}{\376\377\000I\000m\000p\000l\000e\000m\000e\000n\000t\000a\000c\000j\000a\000\040\000F\000i\000r\000e\000b\000a\000s\000e\000\040\000C\000l\000o\000u\000d\000\040\000F\000i\000r\000e\000s\000t\000o\000r\000e}{subsection.3.2}% 15
\BOOKMARK [2][-]{subsection.3.3}{\376\377\000I\000n\000t\000e\000g\000r\000a\000c\000j\000a\000\040\000z\000\040\000G\000o\000o\000g\000l\000e\000\040\000M\000a\000p\000s\000\040\000P\000l\000a\000t\000f\000o\000r\000m}{section.3}% 16
\BOOKMARK [3][-]{subsubsection.3.3.1}{\376\377\000I\000m\000p\000l\000e\000m\000e\000n\000t\000a\000c\000j\000a\000\040\000M\000a\000p\000s\000\040\000S\000D\000K\000\040\000f\000o\000r\000\040\000A\000n\000d\000r\000o\000i\000d}{subsection.3.3}% 17
\BOOKMARK [3][-]{subsubsection.3.3.2}{\376\377\000I\000m\000p\000l\000e\000m\000e\000n\000t\000a\000c\000j\000a\000\040\000D\000i\000r\000e\000c\000t\000i\000o\000n\000s\000\040\000A\000P\000I}{subsection.3.3}% 18
\BOOKMARK [1][-]{section.4}{\376\377\000P\000r\000e\000z\000e\000n\000t\000a\000c\000j\000a\000\040\000a\000p\000l\000i\000k\000a\000c\000j\000i}{}% 19
\BOOKMARK [2][-]{subsection.4.1}{\376\377\000E\000k\000r\000a\000n\000y\000\040\000a\000u\000t\000o\000r\000y\000z\000a\000c\000j\000i\000\040\000u\001\174\000y\000t\000k\000o\000w\000n\000i\000k\000a}{section.4}% 20
\BOOKMARK [3][-]{subsubsection.4.1.1}{\376\377\000E\000k\000r\000a\000n\000\040\000p\000o\000w\000i\000t\000a\000l\000n\000y}{subsection.4.1}% 21
\BOOKMARK [3][-]{subsubsection.4.1.2}{\376\377\000E\000k\000r\000a\000n\000\040\000r\000e\000j\000e\000s\000t\000r\000a\000c\000j\000i}{subsection.4.1}% 22
\BOOKMARK [3][-]{subsubsection.4.1.3}{\376\377\000E\000k\000r\000a\000n\000\040\000l\000o\000g\000o\000w\000a\000n\000i\000a\000\040\000z\000a\000\040\000p\000o\000m\000o\000c\001\005\000\040\000k\000o\000n\000t\000a\000\040\000T\000w\000i\000t\000t\000e\000r}{subsection.4.1}% 23
\BOOKMARK [2][-]{subsection.4.2}{\376\377\000E\000k\000r\000a\000n\000y\000\040\000g\001\102\000\363\000w\000n\000e}{section.4}% 24
\BOOKMARK [3][-]{subsubsection.4.2.1}{\376\377\000E\000k\000r\000a\000n\000\040\000m\000a\000p\000y}{subsection.4.2}% 25
\BOOKMARK [3][-]{subsubsection.4.2.2}{\376\377\000E\000k\000r\000a\000n\000\040\000u\000s\000t\000a\000w\000i\000e\001\104}{subsection.4.2}% 26
\BOOKMARK [3][-]{subsubsection.4.2.3}{\376\377\000L\000i\000s\000t\000y\000\040\000u\000l\000u\000b\000i\000o\000n\000y\000c\000h\000\040\000m\000i\000e\000j\000s\000c\000\040\000i\000\040\000w\000y\000c\000i\000e\000c\000z\000e\000k}{subsection.4.2}% 27
\BOOKMARK [3][-]{subsubsection.4.2.4}{\376\377\000L\000i\000s\000t\000y\000\040\000m\000i\000e\000j\000s\000c\000\040\000i\000\040\000w\000y\000c\000i\000e\000c\000z\000e\000k\000\040\000u\001\174\000y\000t\000k\000o\000w\000n\000i\000k\000a}{subsection.4.2}% 28
\BOOKMARK [3][-]{subsubsection.4.2.5}{\376\377\000L\000i\000s\000t\000a\000\040\000n\000a\000j\000p\000o\000p\000u\000l\000a\000r\000n\000i\000e\000j\000s\000z\000y\000c\000h\000\040\000w\000y\000c\000i\000e\000c\000z\000e\000k}{subsection.4.2}% 29
\BOOKMARK [1][-]{section.5}{\376\377\000P\000o\000d\000s\000u\000m\000o\000w\000a\000n\000i\000e}{}% 30
